<?xml version="1.0" encoding="UTF-8"?>
<testsuite xmlns:xsi="http://www.w3.org/2001/XMLSchema-instance" xsi:noNamespaceSchemaLocation="https://maven.apache.org/surefire/maven-surefire-plugin/xsd/surefire-test-report.xsd" name="eu.arrowhead.common.token.TokenUtilitiesTest" time="3.125" tests="14" errors="0" skipped="0" failures="0">
  <properties>
[...]
</properties>
  <testcase name="testValidateTokenAndExtractTokenInfoMalformedServiceInfo" classname="eu.arrowhead.common.token.TokenUtilitiesTest" time="0.75"/>
  <testcase name="testValidateTokenAndExtractTokenInfoMissingInterfaceInfo" classname="eu.arrowhead.common.token.TokenUtilitiesTest" time="0.192"/>
  <testcase name="testValidateTokenAndExtractTokenInfoTokenMalformedExpirationTime" classname="eu.arrowhead.common.token.TokenUtilitiesTest" time="0.106"/>
  <testcase name="testValidateTokenAndExtractTokenInfoMissingConsumerInfo" classname="eu.arrowhead.common.token.TokenUtilitiesTest" time="0.13"/>
  <testcase name="testValidateTokenAndExtractTokenInfoEverythingIsOk" classname="eu.arrowhead.common.token.TokenUtilitiesTest" time="0.123"/>
  <testcase name="testValidateTokenAndExtractTokenInfoPrivateKeyNull" classname="eu.arrowhead.common.token.TokenUtilitiesTest" time="0.085"/>
  <testcase name="testValidateTokenAndExtractTokenInfoTokenEmpty" classname="eu.arrowhead.common.token.TokenUtilitiesTest" time="0.084"/>
  <testcase name="testValidateTokenAndExtractTokenInfoTokenProcessingFailed" classname="eu.arrowhead.common.token.TokenUtilitiesTest" time="0.089"/>
  <testcase name="testValidateTokenAndExtractTokenInfoPublicKeyNull" classname="eu.arrowhead.common.token.TokenUtilitiesTest" time="0.084"/>
  <testcase name="testValidateTokenAndExtractTokenInfoMalformedInterfaceInfo" classname="eu.arrowhead.common.token.TokenUtilitiesTest" time="0.096"/>
  <testcase name="testValidateTokenAndExtractTokenInfoMalformedConsumerInfo" classname="eu.arrowhead.common.token.TokenUtilitiesTest" time="0.108"/>
  <testcase name="testValidateTokenAndExtractTokenInfoTokenNull" classname="eu.arrowhead.common.token.TokenUtilitiesTest" time="0.084"/>
  <testcase name="testValidateTokenAndExtractTokenInfoExpirated" classname="eu.arrowhead.common.token.TokenUtilitiesTest" time="0.094"/>
  <testcase name="testValidateTokenAndExtractTokenInfoMissingServiceInfo" classname="eu.arrowhead.common.token.TokenUtilitiesTest" time="0.092"/>
</testsuite>